{
  "RSpec": {
    "coverage": {
      "/home/developer/Ankit/patient_management/app/models/user.rb": {
        "lines": [
          1,
          null,
          null,
          1,
          null,
          null
        ]
      },
      "/home/developer/Ankit/patient_management/app/models/application_record.rb": {
        "lines": [
          1,
          1,
          null
        ]
      },
      "/home/developer/Ankit/patient_management/app/helpers/application_helper.rb": {
        "lines": [
          1,
          null
        ]
      },
      "/home/developer/Ankit/patient_management/app/helpers/patients_helper.rb": {
        "lines": [
          1,
          null
        ]
      },
      "/home/developer/Ankit/patient_management/app/controllers/patients_controller.rb": {
        "lines": [
          1,
          1,
          1,
          null,
          1,
          2,
          2,
          null,
          null,
          1,
          1,
          null,
          null,
          1,
          1,
          null,
          null,
          1,
          2,
          2,
          1,
          null,
          1,
          null,
          null,
          null,
          1,
          null,
          1,
          2,
          1,
          null,
          1,
          null,
          null,
          null,
          1,
          null,
          1,
          3,
          null,
          null,
          1,
          4,
          null,
          null
        ]
      },
      "/home/developer/Ankit/patient_management/app/controllers/application_controller.rb": {
        "lines": [
          1,
          null
        ]
      },
      "/home/developer/Ankit/patient_management/app/models/patient.rb": {
        "lines": [
          1,
          1,
          1,
          1,
          null,
          2,
          null,
          1,
          0,
          null,
          null,
          1,
          30,
          1,
          null,
          null,
          null
        ]
      },
      "/home/developer/Ankit/patient_management/app/channels/application_cable/channel.rb": {
        "lines": [
          0,
          0,
          0,
          0
        ],
        "branches": {
        }
      },
      "/home/developer/Ankit/patient_management/app/channels/application_cable/connection.rb": {
        "lines": [
          0,
          0,
          0,
          0
        ],
        "branches": {
        }
      },
      "/home/developer/Ankit/patient_management/app/jobs/application_job.rb": {
        "lines": [
          0,
          null,
          null,
          null,
          null,
          null,
          0
        ],
        "branches": {
        }
      },
      "/home/developer/Ankit/patient_management/app/mailers/application_mailer.rb": {
        "lines": [
          0,
          0,
          0,
          0
        ],
        "branches": {
        }
      }
    },
    "timestamp": 1737003357
  }
}
